2020-09-01 07:07:01,162 DEBUG [EnterServlet] () ready to deSerial from inputStream..
2020-09-01 07:07:01,287 DEBUG [EnterServlet] () Component URL: http://127.0.0.1:8084, Component type: MATCH_UNIT, PBComponentInfo information:
 component: MATCH_UNIT
version: "1"
uniqueId: "http://127.0.0.1:8084"
contactUrl: "http://127.0.0.1:8084"
resourceInfo {
  abilityInfo {
    primarySize: 100000
    secondarySize: 100000
    numOfMatchers: 8
    numOfExtractors: 8
    performanceFactor: 1
  }
  segmentInfo {
    id: 1
    version: 1
    queuedVersion: 1
  }
}
. 
2020-09-01 07:07:01,287 DEBUG [EnterServlet] () ready to call syncData with parameter PBComponentInfo..
2020-09-01 07:07:01,521 DEBUG [EnterServlet] () Component id: 1, Component type: MATCH_UNIT,  enter response information:
 id: 1
wakeUpNotifyPort: 42896
initialConfig {
  maxExractLotNumber: 4
  gallerySize: 24
}
segmentUpdates {
  id: 1
  syncItem {
    catUpInfo {
      catchUpItems {
        version: 2
        binaryTemplate: "uid template data datadatadata"
      }
      catchUpItems {
        version: 3
        binaryTemplate: "uid template data datadatadata"
      }
      catchUpItems {
        version: 4
        binaryTemplate: "uid template data datadatadata"
      }
      catchUpItems {
        version: 5
        binaryTemplate: "uid template data datadatadata"
      }
      catchUpItems {
        version: 6
        binaryTemplate: "uid template data datadatadata"
      }
      catchUpItems {
        version: 7
        binaryTemplate: "uid template data datadatadata"
      }
      catchUpItems {
        version: 8
        binaryTemplate: "uid template data datadatadata"
      }
      catchUpItems {
        version: 9
        binaryTemplate: "uid template data datadatadata"
      }
      catchUpItems {
        version: 10
        binaryTemplate: "uid template data datadatadata"
      }
      catchUpItems {
        version: 11
        binaryTemplate: "uid template data datadatadata"
      }
      catchUpItems {
        version: 12
        binaryTemplate: "uid template data datadatadata"
      }
      catchUpItems {
        version: 13
        binaryTemplate: "uid template data datadatadata"
      }
      catchUpItems {
        version: 14
        binaryTemplate: "uid template data datadatadata"
      }
      catchUpItems {
        version: 15
        binaryTemplate: "uid template data datadatadata"
      }
      catchUpItems {
        version: 16
        binaryTemplate: "uid template data datadatadata"
      }
      catchUpItems {
        version: 17
        binaryTemplate: "uid template data datadatadata"
      }
      catchUpItems {
        version: 18
        binaryTemplate: "uid template data datadatadata"
      }
      catchUpItems {
        version: 19
        binaryTemplate: "uid template data datadatadata"
      }
      catchUpItems {
        version: 20
        binaryTemplate: "uid template data datadatadata"
      }
      catchUpItems {
        version: 21
        binaryTemplate: "uid template data datadatadata"
      }
      catchUpItems {
        version: 22
        binaryTemplate: "uid template data datadatadata"
      }
      catchUpItems {
        version: 23
        binaryTemplate: "uid template data datadatadata"
      }
    }
  }
}
.
2020-09-01 07:07:08,900 DEBUG [EnterServlet] () ready to deSerial from inputStream..
2020-09-01 07:07:08,900 DEBUG [EnterServlet] () Component URL: http://127.0.0.1:8085, Component type: MAP_REDUCER, PBComponentInfo information:
 component: MAP_REDUCER
version: "1"
uniqueId: "http://127.0.0.1:8085"
contactUrl: "http://127.0.0.1:8085"
resourceInfo {
  abilityInfo {
    primarySize: 100000
    secondarySize: 100000
    numOfMatchers: 8
    numOfExtractors: 8
    performanceFactor: 1
  }
  segmentInfo {
    id: 1
    state: SEGMENT_STATE_NONE
    version: -1
    queuedVersion: -1
  }
}
. 
2020-09-01 07:07:08,900 DEBUG [EnterServlet] () ready to call syncData with parameter PBComponentInfo..
2020-09-01 07:07:08,916 DEBUG [EnterServlet] () Component id: 1, Component type: MAP_REDUCER,  enter response information:
 id: 1
.
